[0m[[0m[0mdebug[0m] [0m[0m> Exec(test, Some(fbb008d8-4f07-4b5a-9ac1-6ab6dd465a48), Some(CommandSource(console0)))[0m
[0m[[0m[0mdebug[0m] [0m[0mEvaluating tasks: Test / test[0m
[0m[[0m[0mdebug[0m] [0m[0mRunning task... Cancel: Signal, check cycles: false, forcegc: true[0m
[0m[[0m[0minfo[0m] [0m[0mcompiling 3 Scala sources to /home/bahwan/code/cluster-sharding/exercises/scala/target/scala-2.13/classes ...[0m
[0m[[0m[33mwarn[0m] [0m[0m/home/bahwan/code/cluster-sharding/exercises/scala/src/main/scala/com/reactivebbq/orders/OrderRoutes.scala:21:10: patterns after a variable pattern cannot match (SLS 8.1.1)[0m
[0m[[0m[33mwarn[0m] [0m[0m    case ex =>[0m
[0m[[0m[33mwarn[0m] [0m[0m         ^[0m
[0m[[0m[33mwarn[0m] [0m[0m/home/bahwan/code/cluster-sharding/exercises/scala/src/main/scala/com/reactivebbq/orders/OrderRoutes.scala:24:15: unreachable code due to variable pattern 'ex' on line 21[0m
[0m[[0m[33mwarn[0m] [0m[0m      complete(HttpResponse(StatusCodes.NotFound, entity = ex.getMessage))[0m
[0m[[0m[33mwarn[0m] [0m[0m              ^[0m
[0m[[0m[33mwarn[0m] [0m[0m1 deprecation (since 10.2.0); re-run with -deprecation for details[0m
[0m[[0m[33mwarn[0m] [0m[0mthree warnings found[0m
[0m[[0m[0minfo[0m] [0m[0mcompiling 5 Scala sources to /home/bahwan/code/cluster-sharding/exercises/scala/target/scala-2.13/classes ...[0m
[0m[[0m[33mwarn[0m] [0m[0m/home/bahwan/code/cluster-sharding/exercises/scala/src/main/scala/com/reactivebbq/orders/OrderRoutes.scala:21:10: patterns after a variable pattern cannot match (SLS 8.1.1)[0m
[0m[[0m[33mwarn[0m] [0m[0m    case ex =>[0m
[0m[[0m[33mwarn[0m] [0m[0m         ^[0m
[0m[[0m[33mwarn[0m] [0m[0m/home/bahwan/code/cluster-sharding/exercises/scala/src/main/scala/com/reactivebbq/orders/OrderRoutes.scala:24:15: unreachable code due to variable pattern 'ex' on line 21[0m
[0m[[0m[33mwarn[0m] [0m[0m      complete(HttpResponse(StatusCodes.NotFound, entity = ex.getMessage))[0m
[0m[[0m[33mwarn[0m] [0m[0m              ^[0m
[0m[[0m[33mwarn[0m] [0m[0m1 deprecation (since 10.2.0); re-run with -deprecation for details[0m
[0m[[0m[33mwarn[0m] [0m[0mthree warnings found[0m
[0m[[0m[0minfo[0m] [0m[0mcompiling 8 Scala sources to /home/bahwan/code/cluster-sharding/exercises/scala/target/scala-2.13/test-classes ...[0m
[0m[[0m[0minfo[0m] [0m[0m[32mOrderTest:[0m[0m
[0m[[0m[0minfo[0m] [0m[0m[32mwithItem[0m[0m
[0m[[0m[0minfo[0m] [0m[0m[32m- should return a copy of the Order with the new item when no previous items exist[0m[0m
[0m[[0m[0minfo[0m] [0m[0m[32m- should return a copy of the Order with the new item appended when previous items exist[0m[0m
[0m[[0m[0minfo[0m] [0m[0m[32mInMemoryOrderRepositoryTest:[0m[0m
[0m[[0m[0minfo[0m] [0m[0m[32mThe repository[0m[0m
[0m[[0m[0minfo[0m] [0m[0m[32m- should be thread safe[0m[0m
[0m[[0m[0minfo[0m] [0m[0m[32mfind[0m[0m
[0m[[0m[0minfo[0m] [0m[0m[32m- should return None if the repository is empty[0m[0m
[0m[[0m[0minfo[0m] [0m[0m[32m- should return None if the repository is not empty, but the order doesn't exist[0m[0m
[0m[[0m[0minfo[0m] [0m[0m[32m- should return the order if it is the only one in the repo[0m[0m
[0m[[0m[0minfo[0m] [0m[0m[32m- should return the correct order when there is more than one in the repo[0m[0m
[0m[[0m[0minfo[0m] [0m[0m[32m- should return each correct order when there is more than one in the repo[0m[0m
[0m[[0m[0minfo[0m] [0m[0m[32mupdate[0m[0m
[0m[[0m[0minfo[0m] [0m[0m[32m- should add the order to the repo if it doesn't exist[0m[0m
[0m[[0m[0minfo[0m] [0m[0m[32m- should overwrite the order if it already exists[0m[0m
[0m[[0m[0minfo[0m] [0m[0m[32mOrderActorTest:[0m[0m
[0m[[0m[0minfo[0m] [0m[0m[32mOpenOrder[0m[0m
[0m[[0m[0minfo[0m] [0m[0m[32m- should initialize the Order[0m[0m
[0m[[0m[0minfo[0m] [0m[0m[32m- should return an error if the Order is already opened[0m[0m
[0m[[0m[0minfo[0m] [0m[0m[32m- should return the repository failure if the repository fails[0m[0m
[0m[[0m[0minfo[0m] [0m[0m[32mAddItemToOrder[0m[0m
[0m[[0m[0minfo[0m] [0m[0m[32m- should return an OrderNotFoundException if the order hasn't been Opened.[0m[0m
[0m[[0m[0minfo[0m] [0m[0m[32m- should add the item to the order[0m[0m
[0m[[0m[0minfo[0m] [0m[0m[32m- should add multiple items to the order[0m[0m
[0m[[0m[0minfo[0m] [0m[0m[32m- should return the repository failure if the repository fails[0m[0m
[0m[[0m[0minfo[0m] [0m[0m[32mGetOrder[0m[0m
[0m[[0m[0minfo[0m] [0m[0m[32m- should return an OrderNotFoundException if the order hasn't been Opened.[0m[0m
[0m[[0m[0minfo[0m] [0m[0m[32m- should return an open order[0m[0m
[0m[[0m[0minfo[0m] [0m[0m[32m- should return an updated order[0m[0m
[0m[[0m[0minfo[0m] [0m[0m[32mOrderIdTest:[0m[0m
[0m[[0m[0minfo[0m] [0m[0m[32mapply[0m[0m
[0m[[0m[0minfo[0m] [0m[0m[32m- should generate a unique id each time it is called[0m[0m
[0m[[0m[0minfo[0m] [0m[0m[32mJsonContractTest:[0m[0m
[0m[[0m[0minfo[0m] [0m[0m[32mCreating an Order[0m[0m
[0m[[0m[0minfo[0m] [0m[0m[32m- should Adhere to the Json Contract[0m[0m
[0m[[0m[0minfo[0m] [0m[0m[32mRetrieving the Order[0m[0m
[0m[[0m[0minfo[0m] [0m[0m[32m- should Adhere to the Json Contract[0m[0m
[0m[[0m[0minfo[0m] [0m[0m[32mAdding to an Order[0m[0m
[0m[[0m[0minfo[0m] [0m[0m[32m- should Adhere to the Json Contract[0m[0m
[0m[[0m[0minfo[0m] [0m[0m[32mSQLOrderRepositoryTest:[0m[0m
[0m[[0m[0minfo[0m] [0m[0m[32mThe repository[0m[0m
[0m[[0m[0minfo[0m] [0m[0m[32m- should be thread safe[0m[0m
[0m[[0m[0minfo[0m] [0m[0m[32mfind[0m[0m
[0m[[0m[0minfo[0m] [0m[0m[32m- should return None if the repository is empty[0m[0m
[0m[[0m[0minfo[0m] [0m[0m[32m- should return None if the repository is not empty, but the order doesn't exist[0m[0m
[0m[[0m[0minfo[0m] [0m[0m[32m- should return the order if it is the only one in the repo[0m[0m
[0m[[0m[0minfo[0m] [0m[0m[32m- should return the correct order when there is more than one in the repo[0m[0m
[0m[[0m[0minfo[0m] [0m[0m[32m- should return each correct order when there is more than one in the repo[0m[0m
[0m[[0m[0minfo[0m] [0m[0m[32mupdate[0m[0m
[0m[[0m[0minfo[0m] [0m[0m[32m- should add the order to the repo if it doesn't exist[0m[0m
[0m[[0m[0minfo[0m] [0m[0m[32m- should overwrite the order if it already exists[0m[0m
[0m[[0m[0minfo[0m] [0m[0m[32mOrderRoutesTest:[0m[0m
[0m[[0m[0minfo[0m] [0m[0m[32mPOST to /order[0m[0m
[0m[[0m[0minfo[0m] [0m[0m[32m- should create a new order[0m[0m
[0m[[0m[0minfo[0m] [0m[0m[32mGET to /order/{id}[0m[0m
[0m[[0m[0minfo[0m] [0m[0m[32m- should return the order[0m[0m
[0m[[0m[0minfo[0m] [0m[0m[31m- should return a meaningful error if the order doesn't exist *** FAILED ***[0m[0m
[0m[[0m[0minfo[0m] [0m[0m[31m  500 Internal Server Error did not equal 404 Not Found (OrderRoutesTest.scala:77)[0m[0m
[0m[[0m[0minfo[0m] [0m[0m[31m  Analysis:[0m[0m
[0m[[0m[0minfo[0m] [0m[0m[31m  StatusCodes$ServerError(defaultMessage: "The[re was an internal server error]." -> "The[ requested resource could not be found but may be available again in the future].", intValue: 500 -> 404, reason: "[Internal Server Error]" -> "[Not Found]")[0m[0m
[0m[[0m[0minfo[0m] [0m[0m[32mPOST to /order/{id}/items[0m[0m
[0m[[0m[0minfo[0m] [0m[0m[32m- should add an item to the order[0m[0m
[0m[[0m[0minfo[0m] [0m[0m[31m- should return a meaningful error if the order doesn't exist *** FAILED ***[0m[0m
[0m[[0m[0minfo[0m] [0m[0m[31m  500 Internal Server Error did not equal 404 Not Found (OrderRoutesTest.scala:120)[0m[0m
[0m[[0m[0minfo[0m] [0m[0m[31m  Analysis:[0m[0m
[0m[[0m[0minfo[0m] [0m[0m[31m  StatusCodes$ServerError(defaultMessage: "The[re was an internal server error]." -> "The[ requested resource could not be found but may be available again in the future].", intValue: 500 -> 404, reason: "[Internal Server Error]" -> "[Not Found]")[0m[0m
[0m[[0m[0minfo[0m] [0m[0m[36mRun completed in 7 seconds, 34 milliseconds.[0m[0m
[0m[[0m[0minfo[0m] [0m[0m[36mTotal number of tests run: 37[0m[0m
[0m[[0m[0minfo[0m] [0m[0m[36mSuites: completed 7, aborted 0[0m[0m
[0m[[0m[0minfo[0m] [0m[0m[36mTests: succeeded 35, failed 2, canceled 0, ignored 0, pending 0[0m[0m
[0m[[0m[0minfo[0m] [0m[0m[31m*** 2 TESTS FAILED ***[0m[0m
[0m[[0m[31merror[0m] [0m[0mFailed tests:[0m
[0m[[0m[31merror[0m] [0m[0m	com.reactivebbq.orders.OrderRoutesTest[0m
[0m[[0m[31merror[0m] [0m[0m(Test / [31mtest[0m) sbt.TestsFailedException: Tests unsuccessful[0m
[0m[[0m[31merror[0m] [0m[0mTotal time: 22 s, completed 22 Mar, 2021 1:30:39 PM[0m
[0m[[0m[0mdebug[0m] [0m[0m> Exec(shell, None, None)[0m
[0m[[0m[0mdebug[0m] [0m[0mForcing garbage collection...[0m
