[0m[[0m[0mdebug[0m] [0m[0m> Exec(test, Some(5829423b-7228-415b-ae20-c9d61c47567a), Some(CommandSource(console0)))[0m
[0m[[0m[0mdebug[0m] [0m[0mEvaluating tasks: Test / test[0m
[0m[[0m[0mdebug[0m] [0m[0mRunning task... Cancel: Signal, check cycles: false, forcegc: true[0m
[0m[[0m[0minfo[0m] [0m[0mcompiling 10 Scala sources to /home/bahwan/code/cluster-sharding/exercises/scala/target/scala-2.13/classes ...[0m
[0m[[0m[33mwarn[0m] [0m[0m1 deprecation (since 10.2.0); re-run with -deprecation for details[0m
[0m[[0m[33mwarn[0m] [0m[0mone warning found[0m
[0m[[0m[0minfo[0m] [0m[0mcompiling 8 Scala sources to /home/bahwan/code/cluster-sharding/exercises/scala/target/scala-2.13/test-classes ...[0m
[0m[[0m[31merror[0m] [0m[0m/home/bahwan/code/cluster-sharding/exercises/scala/src/test/scala/com/reactivebbq/orders/JsonContractTest.scala:10:47: value props is not a member of object com.reactivebbq.orders.OrderActor[0m
[0m[[0m[31merror[0m] [0m[0m  val orderActors = system.actorOf(OrderActor.props(orderRepo))[0m
[0m[[0m[31merror[0m] [0m[0m                                              ^[0m
[0m[[0m[31merror[0m] [0m[0m/home/bahwan/code/cluster-sharding/exercises/scala/src/test/scala/com/reactivebbq/orders/OrderActorTest.scala:50:18: value props is not a member of object com.reactivebbq.orders.OrderActor[0m
[0m[[0m[31merror[0m] [0m[0m      OrderActor.props(repo),[0m
[0m[[0m[31merror[0m] [0m[0m                 ^[0m
[0m[[0m[31merror[0m] [0m[0m/home/bahwan/code/cluster-sharding/exercises/scala/src/test/scala/com/reactivebbq/orders/OrderActorTest.scala:58:31: not found: value Envelope[0m
[0m[[0m[31merror[0m] [0m[0m      sender.send(orderActor, Envelope(orderId, OpenOrder(server, table)))[0m
[0m[[0m[31merror[0m] [0m[0m                              ^[0m
[0m[[0m[31merror[0m] [0m[0m/home/bahwan/code/cluster-sharding/exercises/scala/src/test/scala/com/reactivebbq/orders/OrderActorTest.scala:68:31: not found: value Envelope[0m
[0m[[0m[31merror[0m] [0m[0m      sender.send(orderActor, Envelope(orderId, OpenOrder(server, table)))[0m
[0m[[0m[31merror[0m] [0m[0m                              ^[0m
[0m[[0m[31merror[0m] [0m[0m/home/bahwan/code/cluster-sharding/exercises/scala/src/test/scala/com/reactivebbq/orders/OrderActorTest.scala:80:31: not found: value Envelope[0m
[0m[[0m[31merror[0m] [0m[0m      sender.send(orderActor, Envelope(orderId, OpenOrder(server, table)))[0m
[0m[[0m[31merror[0m] [0m[0m                              ^[0m
[0m[[0m[31merror[0m] [0m[0m/home/bahwan/code/cluster-sharding/exercises/scala/src/test/scala/com/reactivebbq/orders/OrderActorTest.scala:83:31: not found: value Envelope[0m
[0m[[0m[31merror[0m] [0m[0m      sender.send(orderActor, Envelope(orderId, OpenOrder(server, table)))[0m
[0m[[0m[31merror[0m] [0m[0m                              ^[0m
[0m[[0m[31merror[0m] [0m[0m/home/bahwan/code/cluster-sharding/exercises/scala/src/test/scala/com/reactivebbq/orders/OrderActorTest.scala:93:31: not found: value Envelope[0m
[0m[[0m[31merror[0m] [0m[0m      sender.send(orderActor, Envelope(orderId, OpenOrder(server, table)))[0m
[0m[[0m[31merror[0m] [0m[0m                              ^[0m
[0m[[0m[31merror[0m] [0m[0m/home/bahwan/code/cluster-sharding/exercises/scala/src/test/scala/com/reactivebbq/orders/OrderActorTest.scala:102:31: not found: value Envelope[0m
[0m[[0m[31merror[0m] [0m[0m      sender.send(orderActor, Envelope(orderId, AddItemToOrder(item)))[0m
[0m[[0m[31merror[0m] [0m[0m                              ^[0m
[0m[[0m[31merror[0m] [0m[0m/home/bahwan/code/cluster-sharding/exercises/scala/src/test/scala/com/reactivebbq/orders/OrderActorTest.scala:110:31: not found: value Envelope[0m
[0m[[0m[31merror[0m] [0m[0m      sender.send(orderActor, Envelope(orderId, AddItemToOrder(item)))[0m
[0m[[0m[31merror[0m] [0m[0m                              ^[0m
[0m[[0m[31merror[0m] [0m[0m/home/bahwan/code/cluster-sharding/exercises/scala/src/test/scala/com/reactivebbq/orders/OrderActorTest.scala:122:35: not found: value Envelope[0m
[0m[[0m[31merror[0m] [0m[0m          sender.send(orderActor, Envelope(orderId, AddItemToOrder(item)))[0m
[0m[[0m[31merror[0m] [0m[0m                                  ^[0m
[0m[[0m[31merror[0m] [0m[0m/home/bahwan/code/cluster-sharding/exercises/scala/src/test/scala/com/reactivebbq/orders/OrderActorTest.scala:136:31: not found: value Envelope[0m
[0m[[0m[31merror[0m] [0m[0m      sender.send(orderActor, Envelope(orderId, AddItemToOrder(item)))[0m
[0m[[0m[31merror[0m] [0m[0m                              ^[0m
[0m[[0m[31merror[0m] [0m[0m/home/bahwan/code/cluster-sharding/exercises/scala/src/test/scala/com/reactivebbq/orders/OrderActorTest.scala:143:31: not found: value Envelope[0m
[0m[[0m[31merror[0m] [0m[0m      sender.send(orderActor, Envelope(orderId, GetOrder()))[0m
[0m[[0m[31merror[0m] [0m[0m                              ^[0m
[0m[[0m[31merror[0m] [0m[0m/home/bahwan/code/cluster-sharding/exercises/scala/src/test/scala/com/reactivebbq/orders/OrderActorTest.scala:149:31: not found: value Envelope[0m
[0m[[0m[31merror[0m] [0m[0m      sender.send(orderActor, Envelope(orderId, GetOrder()))[0m
[0m[[0m[31merror[0m] [0m[0m                              ^[0m
[0m[[0m[31merror[0m] [0m[0m/home/bahwan/code/cluster-sharding/exercises/scala/src/test/scala/com/reactivebbq/orders/OrderActorTest.scala:156:31: not found: value Envelope[0m
[0m[[0m[31merror[0m] [0m[0m      sender.send(orderActor, Envelope(orderId, AddItemToOrder(item)))[0m
[0m[[0m[31merror[0m] [0m[0m                              ^[0m
[0m[[0m[31merror[0m] [0m[0m/home/bahwan/code/cluster-sharding/exercises/scala/src/test/scala/com/reactivebbq/orders/OrderActorTest.scala:159:31: not found: value Envelope[0m
[0m[[0m[31merror[0m] [0m[0m      sender.send(orderActor, Envelope(orderId, GetOrder()))[0m
[0m[[0m[31merror[0m] [0m[0m                              ^[0m
[0m[[0m[31merror[0m] [0m[0m/home/bahwan/code/cluster-sharding/exercises/scala/src/test/scala/com/reactivebbq/orders/OrderRoutesTest.scala:33:25: value Envelope is not a member of object com.reactivebbq.orders.OrderActor[0m
[0m[[0m[31merror[0m] [0m[0m        case OrderActor.Envelope(_, OrderActor.OpenOrder(server, stable)) =>[0m
[0m[[0m[31merror[0m] [0m[0m                        ^[0m
[0m[[0m[31merror[0m] [0m[0m/home/bahwan/code/cluster-sharding/exercises/scala/src/test/scala/com/reactivebbq/orders/OrderRoutesTest.scala:56:35: value Envelope is not a member of object com.reactivebbq.orders.OrderActor[0m
[0m[[0m[31merror[0m] [0m[0m      orders.expectMsg(OrderActor.Envelope(order.id, OrderActor.GetOrder()))[0m
[0m[[0m[31merror[0m] [0m[0m                                  ^[0m
[0m[[0m[31merror[0m] [0m[0m/home/bahwan/code/cluster-sharding/exercises/scala/src/test/scala/com/reactivebbq/orders/OrderRoutesTest.scala:73:35: value Envelope is not a member of object com.reactivebbq.orders.OrderActor[0m
[0m[[0m[31merror[0m] [0m[0m      orders.expectMsg(OrderActor.Envelope(orderId, OrderActor.GetOrder()))[0m
[0m[[0m[31merror[0m] [0m[0m                                  ^[0m
[0m[[0m[31merror[0m] [0m[0m/home/bahwan/code/cluster-sharding/exercises/scala/src/test/scala/com/reactivebbq/orders/OrderRoutesTest.scala:95:35: value Envelope is not a member of object com.reactivebbq.orders.OrderActor[0m
[0m[[0m[31merror[0m] [0m[0m      orders.expectMsg(OrderActor.Envelope(order.id, request))[0m
[0m[[0m[31merror[0m] [0m[0m                                  ^[0m
[0m[[0m[31merror[0m] [0m[0m/home/bahwan/code/cluster-sharding/exercises/scala/src/test/scala/com/reactivebbq/orders/OrderRoutesTest.scala:116:35: value Envelope is not a member of object com.reactivebbq.orders.OrderActor[0m
[0m[[0m[31merror[0m] [0m[0m      orders.expectMsg(OrderActor.Envelope(orderId, request))[0m
[0m[[0m[31merror[0m] [0m[0m                                  ^[0m
[0m[[0m[31merror[0m] [0m[0m20 errors found[0m
[0m[[0m[31merror[0m] [0m[0m(Test / [31mcompileIncremental[0m) Compilation failed[0m
[0m[[0m[31merror[0m] [0m[0mTotal time: 12 s, completed 22 Mar, 2021 11:34:34 AM[0m
[0m[[0m[0mdebug[0m] [0m[0m> Exec(shell, None, None)[0m
[0m[[0m[0mdebug[0m] [0m[0mForcing garbage collection...[0m
[0m[[0m[0minfo[0m] [0m[0mshutting down sbt server[0m
